<?xml version="1.0" encoding="UTF-8"?>
<!-- Generated by org.testng.reporters.JUnitReportReporter -->
<testsuite hostname="DESKTOP-0KOC96B" failures="0" tests="3" name="Section7.Dynamic" time="4.558" errors="0" timestamp="2023-07-25T21:00:10 IST" skipped="0">
  <testcase classname="Section7.Dynamic" name="addbook" time="0.235"/>
  <testcase classname="Section7.Dynamic" name="addbook" time="0.259"/>
  <testcase classname="Section7.Dynamic" name="addbook" time="4.064"/>
</testsuite> <!-- Section7.Dynamic -->
